c:\users\equipo1\documents\visual studio 2013\projects\prueba1\prueba1\debug\vc120.pdb
c:\users\equipo1\documents\visual studio 2013\projects\prueba1\prueba1\debug\util_vector.obj
c:\users\equipo1\documents\visual studio 2013\projects\prueba1\prueba1\debug\util_matrix.obj
c:\users\equipo1\documents\visual studio 2013\projects\prueba1\prueba1\debug\ui_matrixreader.obj
c:\users\equipo1\documents\visual studio 2013\projects\prueba1\prueba1\debug\ui_matrixgenerator.obj
c:\users\equipo1\documents\visual studio 2013\projects\prueba1\prueba1\debug\ui_matrixfiller.obj
c:\users\equipo1\documents\visual studio 2013\projects\prueba1\prueba1\debug\alg_resolvesystemequation.obj
c:\users\equipo1\documents\visual studio 2013\projects\prueba1\prueba1\debug\alg_matrixtranspose.obj
c:\users\equipo1\documents\visual studio 2013\projects\prueba1\prueba1\debug\alg_matrixsum.obj
c:\users\equipo1\documents\visual studio 2013\projects\prueba1\prueba1\debug\alg_matrixmultscalar.obj
c:\users\equipo1\documents\visual studio 2013\projects\prueba1\prueba1\debug\alg_matrixmultiplication.obj
c:\users\equipo1\documents\visual studio 2013\projects\prueba1\prueba1\debug\alg_inversematrix.obj
c:\users\equipo1\documents\visual studio 2013\projects\prueba1\prueba1\debug\main.obj
c:\users\equipo1\documents\visual studio 2013\projects\prueba1\prueba1\debug\.netframework,version=v4.0.assemblyattributes.obj
c:\users\equipo1\documents\visual studio 2013\projects\prueba1\debug\prueba1.exe
c:\users\equipo1\documents\visual studio 2013\projects\prueba1\debug\prueba1.pdb
c:\users\equipo1\documents\visual studio 2013\projects\prueba1\prueba1\debug\prueba1.form_startmenu.resources
c:\users\equipo1\documents\visual studio 2013\projects\prueba1\prueba1\debug\prueba1.form_matrixsum.resources
c:\users\equipo1\documents\visual studio 2013\projects\prueba1\prueba1\debug\prueba1.vcxproj.generateresource.cache
c:\users\equipo1\documents\visual studio 2013\projects\prueba1\prueba1\debug\prueba1.vcxprojresolveassemblyreference.cache
c:\users\equipo1\documents\visual studio 2013\projects\prueba1\prueba1\debug\prueba1.tlog\cl.command.1.tlog
c:\users\equipo1\documents\visual studio 2013\projects\prueba1\prueba1\debug\prueba1.tlog\cl.read.1.tlog
c:\users\equipo1\documents\visual studio 2013\projects\prueba1\prueba1\debug\prueba1.tlog\cl.write.1.tlog
c:\users\equipo1\documents\visual studio 2013\projects\prueba1\prueba1\debug\prueba1.tlog\link.command.1.tlog
c:\users\equipo1\documents\visual studio 2013\projects\prueba1\prueba1\debug\prueba1.tlog\link.read.1.tlog
c:\users\equipo1\documents\visual studio 2013\projects\prueba1\prueba1\debug\prueba1.tlog\link.write.1.tlog
c:\users\equipo1\documents\visual studio 2013\projects\prueba1\prueba1\debug\prueba1.tlog\metagen.read.1.tlog
c:\users\equipo1\documents\visual studio 2013\projects\prueba1\prueba1\debug\prueba1.tlog\metagen.write.1.tlog
c:\users\equipo1\documents\visual studio 2013\projects\prueba1\prueba1\debug\prueba1.tlog\prueba1.write.1u.tlog
c:\users\equipo1\documents\visual studio 2013\projects\prueba1\prueba1\debug\prueba1.tlog\tzres.dll.bi
